12:04:33 **** Incremental Build of configuration Nios II for project security ****
make all 
Info: Building ../security_bsp/
C:/intelFPGA_lite/18.1/nios2eds/bin/gnu/H-x86_64-mingw32/bin/make --no-print-directory -C ../security_bsp/
[BSP build complete]
Info: Compiling security.c to obj/default/security.o
nios2-elf-gcc -xc -MP -MMD -c -I../security_bsp//HAL/inc -I../security_bsp/ -I../security_bsp//drivers/inc  -pipe -D__hal__ -DALT_NO_INSTRUCTION_EMULATION -DALT_SINGLE_THREADED    -O0 -g -Wall   -mno-hw-div -mno-hw-mul -mno-hw-mulx -mgpopt=global  -o obj/default/security.o security.c
security.c: In function 'main':
security.c:68:2: warning: implicit declaration of function 'alt_irq_register' [-Wimplicit-function-declaration]
  alt_irq_register(UART_IRQ,0,uart_irq_handler);//割り込みハンドラの定義
  ^
security.c:60:6: warning: unused variable 'sw' [-Wunused-variable]
  int sw;
      ^
Info: Linking security.elf
nios2-elf-g++  -T'../security_bsp//linker.x' -msys-crt0='../security_bsp//obj/HAL/src/crt0.o' -msys-lib=hal_bsp -L../security_bsp/   -Wl,-Map=security.map   -O0 -g -Wall   -mno-hw-div -mno-hw-mul -mno-hw-mulx -mgpopt=global  -o security.elf obj/default/security.o -lm -msys-lib=m
nios2-elf-insert security.elf --thread_model hal --cpu_name NIOSII --qsys true --simulation_enabled false --id 0 --sidp 0x41090 --timestamp 1703661907 --stderr_dev JTAG --stdin_dev JTAG --stdout_dev JTAG --sopc_system_name nios_security --quartus_project_dir "C:/FPGAlite_Hardware/18.1/steel_control_experiment/secure_function" --jdi ../..//output_files/security.jdi --sopcinfo C:/FPGAlite_Hardware/18.1/steel_control_experiment/secure_function/software/security_bsp/../../nios_security.sopcinfo
Info: (security.elf) 85 KBytes program size (code + initialized data).
Info:                35 KBytes free for stack + heap.
Info: Creating security.objdump
nios2-elf-objdump --disassemble --syms --all-header --source security.elf >security.objdump
[security build complete]
12:04:55 **** Incremental Build of configuration Nios II for project security ****
make all 
Info: Building ../security_bsp/
C:/intelFPGA_lite/18.1/nios2eds/bin/gnu/H-x86_64-mingw32/bin/make --no-print-directory -C ../security_bsp/
[BSP build complete]
Info: Compiling security.c to obj/default/security.o
nios2-elf-gcc -xc -MP -MMD -c -I../security_bsp//HAL/inc -I../security_bsp/ -I../security_bsp//drivers/inc  -pipe -D__hal__ -DALT_NO_INSTRUCTION_EMULATION -DALT_SINGLE_THREADED    -O0 -g -Wall   -mno-hw-div -mno-hw-mul -mno-hw-mulx -mgpopt=global  -o obj/default/security.o security.c
security.c: In function 'main':
security.c:68:2: warning: implicit declaration of function 'alt_irq_register' [-Wimplicit-function-declaration]
  alt_irq_register(UART_IRQ,0,uart_irq_handler);//割り込みハンドラの定義
  ^
security.c:65:9: warning: unused variable 'lon_sec' [-Wunused-variable]
  double lon_sec;
         ^
security.c:64:6: warning: unused variable 'lon_min' [-Wunused-variable]
  int lon_min;
      ^
security.c:63:6: warning: unused variable 'lon_deg' [-Wunused-variable]
  int lon_deg;
      ^
security.c:61:7: warning: unused variable 'prompt' [-Wunused-variable]
  char prompt[100];
       ^
Info: Linking security.elf
nios2-elf-g++  -T'../security_bsp//linker.x' -msys-crt0='../security_bsp//obj/HAL/src/crt0.o' -msys-lib=hal_bsp -L../security_bsp/   -Wl,-Map=security.map   -O0 -g -Wall   -mno-hw-div -mno-hw-mul -mno-hw-mulx -mgpopt=global  -o security.elf obj/default/security.o -lm -msys-lib=m
nios2-elf-insert security.elf --thread_model hal --cpu_name NIOSII --qsys true --simulation_enabled false --id 0 --sidp 0x41090 --timestamp 1703661907 --stderr_dev JTAG --stdin_dev JTAG --stdout_dev JTAG --sopc_system_name nios_security --quartus_project_dir "C:/FPGAlite_Hardware/18.1/steel_control_experiment/secure_function" --jdi ../..//output_files/security.jdi --sopcinfo C:/FPGAlite_Hardware/18.1/steel_control_experiment/secure_function/software/security_bsp/../../nios_security.sopcinfo
Info: (security.elf) 41 KBytes program size (code + initialized data).
Info:                79 KBytes free for stack + heap.
Info: Creating security.objdump
nios2-elf-objdump --disassemble --syms --all-header --source security.elf >security.objdump
[security build complete]
12:04:57 **** Incremental Build of configuration Nios II for project security_bsp ****
make all 
[BSP build complete]
12:05:01 **** Build of configuration Nios II for project security ****
make all 
Info: Building ../security_bsp/
C:/intelFPGA_lite/18.1/nios2eds/bin/gnu/H-x86_64-mingw32/bin/make --no-print-directory -C ../security_bsp/
[BSP build complete]
[security build complete]
12:05:03 **** Incremental Build of configuration Nios II for project security ****
make all 
Info: Building ../security_bsp/
C:/intelFPGA_lite/18.1/nios2eds/bin/gnu/H-x86_64-mingw32/bin/make --no-print-directory -C ../security_bsp/
[BSP build complete]
[security build complete]
