17:03:39 **** Incremental Build of configuration Nios II for project security_v2 ****
make all 
Info: Building ../security_v2_bsp/
C:/intelFPGA_lite/18.1/nios2eds/bin/gnu/H-x86_64-mingw32/bin/make --no-print-directory -C ../security_v2_bsp/
[BSP build complete]
[security_v2 build complete]
17:03:42 **** Build of configuration Nios II for project security_v2 ****
make all 
Info: Building ../security_v2_bsp/
C:/intelFPGA_lite/18.1/nios2eds/bin/gnu/H-x86_64-mingw32/bin/make --no-print-directory -C ../security_v2_bsp/
[BSP build complete]
[security_v2 build complete]
17:03:43 **** Incremental Build of configuration Nios II for project security_v2 ****
make all 
Info: Building ../security_v2_bsp/
C:/intelFPGA_lite/18.1/nios2eds/bin/gnu/H-x86_64-mingw32/bin/make --no-print-directory -C ../security_v2_bsp/
[BSP build complete]
[security_v2 build complete]
17:04:05 **** Incremental Build of configuration Nios II for project security_v2 ****
make all 
Info: Building ../security_v2_bsp/
C:/intelFPGA_lite/18.1/nios2eds/bin/gnu/H-x86_64-mingw32/bin/make --no-print-directory -C ../security_v2_bsp/
[BSP build complete]
Info: Compiling security_v2.c to obj/default/security_v2.o
nios2-elf-gcc -xc -MP -MMD -c -I../security_v2_bsp//HAL/inc -I../security_v2_bsp/ -I../security_v2_bsp//drivers/inc  -pipe -D__hal__ -DALT_NO_INSTRUCTION_EMULATION -DALT_SINGLE_THREADED    -O0 -g -Wall   -mno-hw-div -mno-hw-mul -mno-hw-mulx -mgpopt=global  -o obj/default/security_v2.o security_v2.c
security_v2.c: In function 'main':
security_v2.c:91:2: warning: implicit declaration of function 'alt_irq_register' [-Wimplicit-function-declaration]
  alt_irq_register(UART_IRQ,0,uart_irq_handler);//割り込みハンドラの定義
  ^
security_v2.c:84:6: warning: variable 'sw' set but not used [-Wunused-but-set-variable]
  int sw=1;
      ^
Info: Linking security_v2.elf
nios2-elf-g++  -T'../security_v2_bsp//linker.x' -msys-crt0='../security_v2_bsp//obj/HAL/src/crt0.o' -msys-lib=hal_bsp -L../security_v2_bsp/   -Wl,-Map=security_v2.map   -O0 -g -Wall   -mno-hw-div -mno-hw-mul -mno-hw-mulx -mgpopt=global  -o security_v2.elf obj/default/security_v2.o -lm -msys-lib=m
nios2-elf-insert security_v2.elf --thread_model hal --cpu_name NIOSII --qsys true --simulation_enabled false --id 0 --sidp 0x41140 --timestamp 1705384165 --stderr_dev JTAG --stdin_dev JTAG --stdout_dev JTAG --sopc_system_name nios_security --quartus_project_dir "C:/FPGAlite_Hardware/18.1/steel_control_experiment/secure_function_v2" --jdi ../..//output_files/security.jdi --sopcinfo C:/FPGAlite_Hardware/18.1/steel_control_experiment/secure_function_v2/software/security_v2_bsp/../../nios_security.sopcinfo
Info: (security_v2.elf) 86 KBytes program size (code + initialized data).
Info:                   35 KBytes free for stack + heap.
Info: Creating security_v2.objdump
nios2-elf-objdump --disassemble --syms --all-header --source security_v2.elf >security_v2.objdump
[security_v2 build complete]
17:04:07 **** Incremental Build of configuration Nios II for project security_v2_bsp ****
make all 
[BSP build complete]
17:04:09 **** Build of configuration Nios II for project security_v2 ****
make all 
Info: Building ../security_v2_bsp/
C:/intelFPGA_lite/18.1/nios2eds/bin/gnu/H-x86_64-mingw32/bin/make --no-print-directory -C ../security_v2_bsp/
[BSP build complete]
[security_v2 build complete]
17:04:10 **** Incremental Build of configuration Nios II for project security_v2 ****
make all 
Info: Building ../security_v2_bsp/
C:/intelFPGA_lite/18.1/nios2eds/bin/gnu/H-x86_64-mingw32/bin/make --no-print-directory -C ../security_v2_bsp/
[BSP build complete]
[security_v2 build complete]
17:06:15 **** Incremental Build of configuration Nios II for project security_v2 ****
make all 
Info: Building ../security_v2_bsp/
C:/intelFPGA_lite/18.1/nios2eds/bin/gnu/H-x86_64-mingw32/bin/make --no-print-directory -C ../security_v2_bsp/
[BSP build complete]
[security_v2 build complete]
17:06:15 **** Incremental Build of configuration Nios II for project security_v2_bsp ****
make all 
[BSP build complete]
17:06:17 **** Incremental Build of configuration Nios II for project security_v2 ****
make all 
Info: Building ../security_v2_bsp/
C:/intelFPGA_lite/18.1/nios2eds/bin/gnu/H-x86_64-mingw32/bin/make --no-print-directory -C ../security_v2_bsp/
[BSP build complete]
[security_v2 build complete]
17:10:18 **** Incremental Build of configuration Nios II for project security_v2 ****
make all 
Info: Building ../security_v2_bsp/
C:/intelFPGA_lite/18.1/nios2eds/bin/gnu/H-x86_64-mingw32/bin/make --no-print-directory -C ../security_v2_bsp/
[BSP build complete]
Info: Compiling security_v2.c to obj/default/security_v2.o
nios2-elf-gcc -xc -MP -MMD -c -I../security_v2_bsp//HAL/inc -I../security_v2_bsp/ -I../security_v2_bsp//drivers/inc  -pipe -D__hal__ -DALT_NO_INSTRUCTION_EMULATION -DALT_SINGLE_THREADED    -O0 -g -Wall   -mno-hw-div -mno-hw-mul -mno-hw-mulx -mgpopt=global  -o obj/default/security_v2.o security_v2.c
security_v2.c: In function 'main':
security_v2.c:87:2: warning: implicit declaration of function 'alt_irq_register' [-Wimplicit-function-declaration]
  alt_irq_register(UART_IRQ,0,uart_irq_handler);//割り込みハンドラの定義
  ^
security_v2.c:84:6: warning: unused variable 'sw' [-Wunused-variable]
  int sw=1;
      ^
Info: Linking security_v2.elf
nios2-elf-g++  -T'../security_v2_bsp//linker.x' -msys-crt0='../security_v2_bsp//obj/HAL/src/crt0.o' -msys-lib=hal_bsp -L../security_v2_bsp/   -Wl,-Map=security_v2.map   -O0 -g -Wall   -mno-hw-div -mno-hw-mul -mno-hw-mulx -mgpopt=global  -o security_v2.elf obj/default/security_v2.o -lm -msys-lib=m
nios2-elf-insert security_v2.elf --thread_model hal --cpu_name NIOSII --qsys true --simulation_enabled false --id 0 --sidp 0x41140 --timestamp 1705384165 --stderr_dev JTAG --stdin_dev JTAG --stdout_dev JTAG --sopc_system_name nios_security --quartus_project_dir "C:/FPGAlite_Hardware/18.1/steel_control_experiment/secure_function_v2" --jdi ../..//output_files/security.jdi --sopcinfo C:/FPGAlite_Hardware/18.1/steel_control_experiment/secure_function_v2/software/security_v2_bsp/../../nios_security.sopcinfo
Info: (security_v2.elf) 86 KBytes program size (code + initialized data).
Info:                   35 KBytes free for stack + heap.
Info: Creating security_v2.objdump
nios2-elf-objdump --disassemble --syms --all-header --source security_v2.elf >security_v2.objdump
[security_v2 build complete]
17:10:20 **** Incremental Build of configuration Nios II for project security_v2_bsp ****
make all 
[BSP build complete]
17:10:23 **** Build of configuration Nios II for project security_v2 ****
make all 
Info: Building ../security_v2_bsp/
C:/intelFPGA_lite/18.1/nios2eds/bin/gnu/H-x86_64-mingw32/bin/make --no-print-directory -C ../security_v2_bsp/
[BSP build complete]
[security_v2 build complete]
17:10:24 **** Incremental Build of configuration Nios II for project security_v2 ****
make all 
Info: Building ../security_v2_bsp/
C:/intelFPGA_lite/18.1/nios2eds/bin/gnu/H-x86_64-mingw32/bin/make --no-print-directory -C ../security_v2_bsp/
[BSP build complete]
[security_v2 build complete]
17:10:57 **** Incremental Build of configuration Nios II for project security_v2 ****
make all 
Info: Building ../security_v2_bsp/
C:/intelFPGA_lite/18.1/nios2eds/bin/gnu/H-x86_64-mingw32/bin/make --no-print-directory -C ../security_v2_bsp/
[BSP build complete]
Info: Compiling security_v2.c to obj/default/security_v2.o
nios2-elf-gcc -xc -MP -MMD -c -I../security_v2_bsp//HAL/inc -I../security_v2_bsp/ -I../security_v2_bsp//drivers/inc  -pipe -D__hal__ -DALT_NO_INSTRUCTION_EMULATION -DALT_SINGLE_THREADED    -O0 -g -Wall   -mno-hw-div -mno-hw-mul -mno-hw-mulx -mgpopt=global  -o obj/default/security_v2.o security_v2.c
security_v2.c: In function 'main':
security_v2.c:87:2: warning: implicit declaration of function 'alt_irq_register' [-Wimplicit-function-declaration]
  alt_irq_register(UART_IRQ,0,uart_irq_handler);//割り込みハンドラの定義
  ^
security_v2.c:84:6: warning: unused variable 'sw' [-Wunused-variable]
  int sw=1;
      ^
Info: Linking security_v2.elf
nios2-elf-g++  -T'../security_v2_bsp//linker.x' -msys-crt0='../security_v2_bsp//obj/HAL/src/crt0.o' -msys-lib=hal_bsp -L../security_v2_bsp/   -Wl,-Map=security_v2.map   -O0 -g -Wall   -mno-hw-div -mno-hw-mul -mno-hw-mulx -mgpopt=global  -o security_v2.elf obj/default/security_v2.o -lm -msys-lib=m
nios2-elf-insert security_v2.elf --thread_model hal --cpu_name NIOSII --qsys true --simulation_enabled false --id 0 --sidp 0x41140 --timestamp 1705384165 --stderr_dev JTAG --stdin_dev JTAG --stdout_dev JTAG --sopc_system_name nios_security --quartus_project_dir "C:/FPGAlite_Hardware/18.1/steel_control_experiment/secure_function_v2" --jdi ../..//output_files/security.jdi --sopcinfo C:/FPGAlite_Hardware/18.1/steel_control_experiment/secure_function_v2/software/security_v2_bsp/../../nios_security.sopcinfo
Info: (security_v2.elf) 86 KBytes program size (code + initialized data).
Info:                   35 KBytes free for stack + heap.
Info: Creating security_v2.objdump
nios2-elf-objdump --disassemble --syms --all-header --source security_v2.elf >security_v2.objdump
[security_v2 build complete]
17:10:59 **** Incremental Build of configuration Nios II for project security_v2_bsp ****
make all 
[BSP build complete]
17:11:01 **** Build of configuration Nios II for project security_v2 ****
make all 
Info: Building ../security_v2_bsp/
C:/intelFPGA_lite/18.1/nios2eds/bin/gnu/H-x86_64-mingw32/bin/make --no-print-directory -C ../security_v2_bsp/
[BSP build complete]
[security_v2 build complete]
17:11:02 **** Incremental Build of configuration Nios II for project security_v2 ****
make all 
Info: Building ../security_v2_bsp/
C:/intelFPGA_lite/18.1/nios2eds/bin/gnu/H-x86_64-mingw32/bin/make --no-print-directory -C ../security_v2_bsp/
[BSP build complete]
[security_v2 build complete]
17:11:42 **** Incremental Build of configuration Nios II for project security_v2 ****
make all 
Info: Building ../security_v2_bsp/
C:/intelFPGA_lite/18.1/nios2eds/bin/gnu/H-x86_64-mingw32/bin/make --no-print-directory -C ../security_v2_bsp/
[BSP build complete]
[security_v2 build complete]
17:11:43 **** Incremental Build of configuration Nios II for project security_v2_bsp ****
make all 
[BSP build complete]
17:11:44 **** Incremental Build of configuration Nios II for project security_v2 ****
make all 
Info: Building ../security_v2_bsp/
C:/intelFPGA_lite/18.1/nios2eds/bin/gnu/H-x86_64-mingw32/bin/make --no-print-directory -C ../security_v2_bsp/
[BSP build complete]
[security_v2 build complete]
17:12:57 **** Incremental Build of configuration Nios II for project security_v2 ****
make all 
Info: Building ../security_v2_bsp/
C:/intelFPGA_lite/18.1/nios2eds/bin/gnu/H-x86_64-mingw32/bin/make --no-print-directory -C ../security_v2_bsp/
[BSP build complete]
Info: Compiling security_v2.c to obj/default/security_v2.o
nios2-elf-gcc -xc -MP -MMD -c -I../security_v2_bsp//HAL/inc -I../security_v2_bsp/ -I../security_v2_bsp//drivers/inc  -pipe -D__hal__ -DALT_NO_INSTRUCTION_EMULATION -DALT_SINGLE_THREADED    -O0 -g -Wall   -mno-hw-div -mno-hw-mul -mno-hw-mulx -mgpopt=global  -o obj/default/security_v2.o security_v2.c
security_v2.c: In function 'main':
security_v2.c:87:2: warning: implicit declaration of function 'alt_irq_register' [-Wimplicit-function-declaration]
  alt_irq_register(UART_IRQ,0,uart_irq_handler);//割り込みハンドラの定義
  ^
security_v2.c:84:6: warning: unused variable 'sw' [-Wunused-variable]
  int sw=1;
      ^
Info: Linking security_v2.elf
nios2-elf-g++  -T'../security_v2_bsp//linker.x' -msys-crt0='../security_v2_bsp//obj/HAL/src/crt0.o' -msys-lib=hal_bsp -L../security_v2_bsp/   -Wl,-Map=security_v2.map   -O0 -g -Wall   -mno-hw-div -mno-hw-mul -mno-hw-mulx -mgpopt=global  -o security_v2.elf obj/default/security_v2.o -lm -msys-lib=m
nios2-elf-insert security_v2.elf --thread_model hal --cpu_name NIOSII --qsys true --simulation_enabled false --id 0 --sidp 0x41140 --timestamp 1705384165 --stderr_dev JTAG --stdin_dev JTAG --stdout_dev JTAG --sopc_system_name nios_security --quartus_project_dir "C:/FPGAlite_Hardware/18.1/steel_control_experiment/secure_function_v2" --jdi ../..//output_files/security.jdi --sopcinfo C:/FPGAlite_Hardware/18.1/steel_control_experiment/secure_function_v2/software/security_v2_bsp/../../nios_security.sopcinfo
Info: (security_v2.elf) 86 KBytes program size (code + initialized data).
Info:                   35 KBytes free for stack + heap.
Info: Creating security_v2.objdump
nios2-elf-objdump --disassemble --syms --all-header --source security_v2.elf >security_v2.objdump
[security_v2 build complete]
17:12:59 **** Incremental Build of configuration Nios II for project security_v2_bsp ****
make all 
[BSP build complete]
17:13:02 **** Build of configuration Nios II for project security_v2 ****
make all 
Info: Building ../security_v2_bsp/
C:/intelFPGA_lite/18.1/nios2eds/bin/gnu/H-x86_64-mingw32/bin/make --no-print-directory -C ../security_v2_bsp/
[BSP build complete]
[security_v2 build complete]
17:13:02 **** Incremental Build of configuration Nios II for project security_v2 ****
make all 
Info: Building ../security_v2_bsp/
C:/intelFPGA_lite/18.1/nios2eds/bin/gnu/H-x86_64-mingw32/bin/make --no-print-directory -C ../security_v2_bsp/
[BSP build complete]
[security_v2 build complete]
10:49:19 **** Incremental Build of configuration Nios II for project security_v2 ****
make all 
Info: Building ../security_v2_bsp/
C:/intelFPGA_lite/18.1/nios2eds/bin/gnu/H-x86_64-mingw32/bin/make --no-print-directory -C ../security_v2_bsp/
[BSP build complete]
[security_v2 build complete]
10:55:40 **** Incremental Build of configuration Nios II for project security_v2 ****
make all 
Info: Building ../security_v2_bsp/
C:/intelFPGA_lite/18.1/nios2eds/bin/gnu/H-x86_64-mingw32/bin/make --no-print-directory -C ../security_v2_bsp/
[BSP build complete]
[security_v2 build complete]
12:34:13 **** Incremental Build of configuration Nios II for project security_v2 ****
make all 
Info: Building ../security_v2_bsp/
C:/intelFPGA_lite/18.1/nios2eds/bin/gnu/H-x86_64-mingw32/bin/make --no-print-directory -C ../security_v2_bsp/
[BSP build complete]
[security_v2 build complete]
12:52:24 **** Incremental Build of configuration Nios II for project security_v2 ****
make all 
Info: Building ../security_v2_bsp/
C:/intelFPGA_lite/18.1/nios2eds/bin/gnu/H-x86_64-mingw32/bin/make --no-print-directory -C ../security_v2_bsp/
[BSP build complete]
Info: Compiling security_v2.c to obj/default/security_v2.o
nios2-elf-gcc -xc -MP -MMD -c -I../security_v2_bsp//HAL/inc -I../security_v2_bsp/ -I../security_v2_bsp//drivers/inc  -pipe -D__hal__ -DALT_NO_INSTRUCTION_EMULATION -DALT_SINGLE_THREADED    -O0 -g -Wall   -mno-hw-div -mno-hw-mul -mno-hw-mulx -mgpopt=global  -o obj/default/security_v2.o security_v2.c
security_v2.c: In function 'main':
security_v2.c:87:2: warning: implicit declaration of function 'alt_irq_register' [-Wimplicit-function-declaration]
  alt_irq_register(UART_IRQ,0,uart_irq_handler);//割り込みハンドラの定義
  ^
security_v2.c:84:6: warning: unused variable 'sw' [-Wunused-variable]
  int sw=1;
      ^
Info: Linking security_v2.elf
nios2-elf-g++  -T'../security_v2_bsp//linker.x' -msys-crt0='../security_v2_bsp//obj/HAL/src/crt0.o' -msys-lib=hal_bsp -L../security_v2_bsp/   -Wl,-Map=security_v2.map   -O0 -g -Wall   -mno-hw-div -mno-hw-mul -mno-hw-mulx -mgpopt=global  -o security_v2.elf obj/default/security_v2.o -lm -msys-lib=m
nios2-elf-insert security_v2.elf --thread_model hal --cpu_name NIOSII --qsys true --simulation_enabled false --id 0 --sidp 0x41140 --timestamp 1705384165 --stderr_dev JTAG --stdin_dev JTAG --stdout_dev JTAG --sopc_system_name nios_security --quartus_project_dir "C:/FPGAlite_Hardware/18.1/steel_control_experiment/secure_function_v2" --jdi ../..//output_files/security.jdi --sopcinfo C:/FPGAlite_Hardware/18.1/steel_control_experiment/secure_function_v2/software/security_v2_bsp/../../nios_security.sopcinfo
Info: (security_v2.elf) 86 KBytes program size (code + initialized data).
Info:                   35 KBytes free for stack + heap.
Info: Creating security_v2.objdump
nios2-elf-objdump --disassemble --syms --all-header --source security_v2.elf >security_v2.objdump
[security_v2 build complete]
13:11:01 **** Incremental Build of configuration Nios II for project security_v2 ****
make all 
Info: Building ../security_v2_bsp/
C:/intelFPGA_lite/18.1/nios2eds/bin/gnu/H-x86_64-mingw32/bin/make --no-print-directory -C ../security_v2_bsp/
[BSP build complete]
[security_v2 build complete]
13:12:54 **** Incremental Build of configuration Nios II for project security_v2 ****
make all 
Info: Building ../security_v2_bsp/
C:/intelFPGA_lite/18.1/nios2eds/bin/gnu/H-x86_64-mingw32/bin/make --no-print-directory -C ../security_v2_bsp/
[BSP build complete]
Info: Compiling security_v2.c to obj/default/security_v2.o
nios2-elf-gcc -xc -MP -MMD -c -I../security_v2_bsp//HAL/inc -I../security_v2_bsp/ -I../security_v2_bsp//drivers/inc  -pipe -D__hal__ -DALT_NO_INSTRUCTION_EMULATION -DALT_SINGLE_THREADED    -O0 -g -Wall   -mno-hw-div -mno-hw-mul -mno-hw-mulx -mgpopt=global  -o obj/default/security_v2.o security_v2.c
security_v2.c: In function 'main':
security_v2.c:87:2: warning: implicit declaration of function 'alt_irq_register' [-Wimplicit-function-declaration]
  alt_irq_register(UART_IRQ,0,uart_irq_handler);//割り込みハンドラの定義
  ^
Info: Linking security_v2.elf
nios2-elf-g++  -T'../security_v2_bsp//linker.x' -msys-crt0='../security_v2_bsp//obj/HAL/src/crt0.o' -msys-lib=hal_bsp -L../security_v2_bsp/   -Wl,-Map=security_v2.map   -O0 -g -Wall   -mno-hw-div -mno-hw-mul -mno-hw-mulx -mgpopt=global  -o security_v2.elf obj/default/security_v2.o -lm -msys-lib=m
nios2-elf-insert security_v2.elf --thread_model hal --cpu_name NIOSII --qsys true --simulation_enabled false --id 0 --sidp 0x41140 --timestamp 1705384165 --stderr_dev JTAG --stdin_dev JTAG --stdout_dev JTAG --sopc_system_name nios_security --quartus_project_dir "C:/FPGAlite_Hardware/18.1/steel_control_experiment/secure_function_v2" --jdi ../..//output_files/security.jdi --sopcinfo C:/FPGAlite_Hardware/18.1/steel_control_experiment/secure_function_v2/software/security_v2_bsp/../../nios_security.sopcinfo
Info: (security_v2.elf) 41 KBytes program size (code + initialized data).
Info:                   79 KBytes free for stack + heap.
Info: Creating security_v2.objdump
nios2-elf-objdump --disassemble --syms --all-header --source security_v2.elf >security_v2.objdump
[security_v2 build complete]
13:12:56 **** Incremental Build of configuration Nios II for project security_v2_bsp ****
make all 
[BSP build complete]
13:12:57 **** Incremental Build of configuration Nios II for project security_v2 ****
make all 
Info: Building ../security_v2_bsp/
C:/intelFPGA_lite/18.1/nios2eds/bin/gnu/H-x86_64-mingw32/bin/make --no-print-directory -C ../security_v2_bsp/
[BSP build complete]
[security_v2 build complete]
13:15:33 **** Incremental Build of configuration Nios II for project security_v2 ****
make all 
Info: Building ../security_v2_bsp/
C:/intelFPGA_lite/18.1/nios2eds/bin/gnu/H-x86_64-mingw32/bin/make --no-print-directory -C ../security_v2_bsp/
[BSP build complete]
Info: Compiling security_v2.c to obj/default/security_v2.o
nios2-elf-gcc -xc -MP -MMD -c -I../security_v2_bsp//HAL/inc -I../security_v2_bsp/ -I../security_v2_bsp//drivers/inc  -pipe -D__hal__ -DALT_NO_INSTRUCTION_EMULATION -DALT_SINGLE_THREADED    -O0 -g -Wall   -mno-hw-div -mno-hw-mul -mno-hw-mulx -mgpopt=global  -o obj/default/security_v2.o security_v2.c
security_v2.c: In function 'main':
security_v2.c:87:2: warning: implicit declaration of function 'alt_irq_register' [-Wimplicit-function-declaration]
  alt_irq_register(UART_IRQ,0,uart_irq_handler);//割り込みハンドラの定義
  ^
security_v2.c:84:6: warning: unused variable 'sw' [-Wunused-variable]
  int sw=1;
      ^
Info: Linking security_v2.elf
nios2-elf-g++  -T'../security_v2_bsp//linker.x' -msys-crt0='../security_v2_bsp//obj/HAL/src/crt0.o' -msys-lib=hal_bsp -L../security_v2_bsp/   -Wl,-Map=security_v2.map   -O0 -g -Wall   -mno-hw-div -mno-hw-mul -mno-hw-mulx -mgpopt=global  -o security_v2.elf obj/default/security_v2.o -lm -msys-lib=m
nios2-elf-insert security_v2.elf --thread_model hal --cpu_name NIOSII --qsys true --simulation_enabled false --id 0 --sidp 0x41140 --timestamp 1705384165 --stderr_dev JTAG --stdin_dev JTAG --stdout_dev JTAG --sopc_system_name nios_security --quartus_project_dir "C:/FPGAlite_Hardware/18.1/steel_control_experiment/secure_function_v2" --jdi ../..//output_files/security.jdi --sopcinfo C:/FPGAlite_Hardware/18.1/steel_control_experiment/secure_function_v2/software/security_v2_bsp/../../nios_security.sopcinfo
Info: (security_v2.elf) 86 KBytes program size (code + initialized data).
Info:                   35 KBytes free for stack + heap.
Info: Creating security_v2.objdump
nios2-elf-objdump --disassemble --syms --all-header --source security_v2.elf >security_v2.objdump
[security_v2 build complete]
13:15:35 **** Incremental Build of configuration Nios II for project security_v2_bsp ****
make all 
[BSP build complete]
13:15:36 **** Incremental Build of configuration Nios II for project security_v2 ****
make all 
Info: Building ../security_v2_bsp/
C:/intelFPGA_lite/18.1/nios2eds/bin/gnu/H-x86_64-mingw32/bin/make --no-print-directory -C ../security_v2_bsp/
[BSP build complete]
[security_v2 build complete]
13:50:27 **** Incremental Build of configuration Nios II for project security_v2 ****
make all 
Info: Building ../security_v2_bsp/
C:/intelFPGA_lite/18.1/nios2eds/bin/gnu/H-x86_64-mingw32/bin/make --no-print-directory -C ../security_v2_bsp/
[BSP build complete]
Info: Compiling security_v2.c to obj/default/security_v2.o
nios2-elf-gcc -xc -MP -MMD -c -I../security_v2_bsp//HAL/inc -I../security_v2_bsp/ -I../security_v2_bsp//drivers/inc  -pipe -D__hal__ -DALT_NO_INSTRUCTION_EMULATION -DALT_SINGLE_THREADED    -O0 -g -Wall   -mno-hw-div -mno-hw-mul -mno-hw-mulx -mgpopt=global  -o obj/default/security_v2.o security_v2.c
security_v2.c: In function 'main':
security_v2.c:95:2: warning: implicit declaration of function 'alt_irq_register' [-Wimplicit-function-declaration]
  alt_irq_register(UART_IRQ,0,uart_irq_handler);//割り込みハンドラの定義
  ^
Info: Linking security_v2.elf
nios2-elf-g++  -T'../security_v2_bsp//linker.x' -msys-crt0='../security_v2_bsp//obj/HAL/src/crt0.o' -msys-lib=hal_bsp -L../security_v2_bsp/   -Wl,-Map=security_v2.map   -O0 -g -Wall   -mno-hw-div -mno-hw-mul -mno-hw-mulx -mgpopt=global  -o security_v2.elf obj/default/security_v2.o -lm -msys-lib=m
nios2-elf-insert security_v2.elf --thread_model hal --cpu_name NIOSII --qsys true --simulation_enabled false --id 0 --sidp 0x41140 --timestamp 1705384165 --stderr_dev JTAG --stdin_dev JTAG --stdout_dev JTAG --sopc_system_name nios_security --quartus_project_dir "C:/FPGAlite_Hardware/18.1/steel_control_experiment/secure_function_v2" --jdi ../..//output_files/security.jdi --sopcinfo C:/FPGAlite_Hardware/18.1/steel_control_experiment/secure_function_v2/software/security_v2_bsp/../../nios_security.sopcinfo
Info: (security_v2.elf) 41 KBytes program size (code + initialized data).
Info:                   79 KBytes free for stack + heap.
Info: Creating security_v2.objdump
nios2-elf-objdump --disassemble --syms --all-header --source security_v2.elf >security_v2.objdump
[security_v2 build complete]
13:50:29 **** Incremental Build of configuration Nios II for project security_v2_bsp ****
make all 
[BSP build complete]
13:50:32 **** Build of configuration Nios II for project security_v2 ****
make all 
Info: Building ../security_v2_bsp/
C:/intelFPGA_lite/18.1/nios2eds/bin/gnu/H-x86_64-mingw32/bin/make --no-print-directory -C ../security_v2_bsp/
[BSP build complete]
[security_v2 build complete]
13:50:33 **** Incremental Build of configuration Nios II for project security_v2 ****
make all 
Info: Building ../security_v2_bsp/
C:/intelFPGA_lite/18.1/nios2eds/bin/gnu/H-x86_64-mingw32/bin/make --no-print-directory -C ../security_v2_bsp/
[BSP build complete]
[security_v2 build complete]
13:52:24 **** Incremental Build of configuration Nios II for project security_v2 ****
make all 
Info: Building ../security_v2_bsp/
C:/intelFPGA_lite/18.1/nios2eds/bin/gnu/H-x86_64-mingw32/bin/make --no-print-directory -C ../security_v2_bsp/
[BSP build complete]
Info: Compiling security_v2.c to obj/default/security_v2.o
nios2-elf-gcc -xc -MP -MMD -c -I../security_v2_bsp//HAL/inc -I../security_v2_bsp/ -I../security_v2_bsp//drivers/inc  -pipe -D__hal__ -DALT_NO_INSTRUCTION_EMULATION -DALT_SINGLE_THREADED    -O0 -g -Wall   -mno-hw-div -mno-hw-mul -mno-hw-mulx -mgpopt=global  -o obj/default/security_v2.o security_v2.c
security_v2.c: In function 'main':
security_v2.c:106:2: warning: implicit declaration of function 'alt_irq_register' [-Wimplicit-function-declaration]
  alt_irq_register(UART_IRQ,0,uart_irq_handler);//割り込みハンドラの定義
  ^
security_v2.c:102:6: warning: unused variable 'i' [-Wunused-variable]
  int i;
      ^
Info: Linking security_v2.elf
nios2-elf-g++  -T'../security_v2_bsp//linker.x' -msys-crt0='../security_v2_bsp//obj/HAL/src/crt0.o' -msys-lib=hal_bsp -L../security_v2_bsp/   -Wl,-Map=security_v2.map   -O0 -g -Wall   -mno-hw-div -mno-hw-mul -mno-hw-mulx -mgpopt=global  -o security_v2.elf obj/default/security_v2.o -lm -msys-lib=m
nios2-elf-insert security_v2.elf --thread_model hal --cpu_name NIOSII --qsys true --simulation_enabled false --id 0 --sidp 0x41140 --timestamp 1705384165 --stderr_dev JTAG --stdin_dev JTAG --stdout_dev JTAG --sopc_system_name nios_security --quartus_project_dir "C:/FPGAlite_Hardware/18.1/steel_control_experiment/secure_function_v2" --jdi ../..//output_files/security.jdi --sopcinfo C:/FPGAlite_Hardware/18.1/steel_control_experiment/secure_function_v2/software/security_v2_bsp/../../nios_security.sopcinfo
Info: (security_v2.elf) 41 KBytes program size (code + initialized data).
Info:                   79 KBytes free for stack + heap.
Info: Creating security_v2.objdump
nios2-elf-objdump --disassemble --syms --all-header --source security_v2.elf >security_v2.objdump
[security_v2 build complete]
13:52:26 **** Incremental Build of configuration Nios II for project security_v2_bsp ****
make all 
[BSP build complete]
13:52:38 **** Incremental Build of configuration Nios II for project security_v2 ****
make all 
Info: Building ../security_v2_bsp/
C:/intelFPGA_lite/18.1/nios2eds/bin/gnu/H-x86_64-mingw32/bin/make --no-print-directory -C ../security_v2_bsp/
[BSP build complete]
[security_v2 build complete]
13:53:11 **** Incremental Build of configuration Nios II for project security_v2 ****
make all 
Info: Building ../security_v2_bsp/
C:/intelFPGA_lite/18.1/nios2eds/bin/gnu/H-x86_64-mingw32/bin/make --no-print-directory -C ../security_v2_bsp/
[BSP build complete]
[security_v2 build complete]
13:53:12 **** Incremental Build of configuration Nios II for project security_v2_bsp ****
make all 
[BSP build complete]
13:53:14 **** Incremental Build of configuration Nios II for project security_v2 ****
make all 
Info: Building ../security_v2_bsp/
C:/intelFPGA_lite/18.1/nios2eds/bin/gnu/H-x86_64-mingw32/bin/make --no-print-directory -C ../security_v2_bsp/
[BSP build complete]
[security_v2 build complete]
13:55:00 **** Incremental Build of configuration Nios II for project security_v2 ****
make all 
Info: Building ../security_v2_bsp/
C:/intelFPGA_lite/18.1/nios2eds/bin/gnu/H-x86_64-mingw32/bin/make --no-print-directory -C ../security_v2_bsp/
[BSP build complete]
Info: Compiling security_v2.c to obj/default/security_v2.o
nios2-elf-gcc -xc -MP -MMD -c -I../security_v2_bsp//HAL/inc -I../security_v2_bsp/ -I../security_v2_bsp//drivers/inc  -pipe -D__hal__ -DALT_NO_INSTRUCTION_EMULATION -DALT_SINGLE_THREADED    -O0 -g -Wall   -mno-hw-div -mno-hw-mul -mno-hw-mulx -mgpopt=global  -o obj/default/security_v2.o security_v2.c
security_v2.c: In function 'main':
security_v2.c:106:2: warning: implicit declaration of function 'alt_irq_register' [-Wimplicit-function-declaration]
  alt_irq_register(UART_IRQ,0,uart_irq_handler);//割り込みハンドラの定義
  ^
security_v2.c:173:7: warning: variable 'lat' set but not used [-Wunused-but-set-variable]
  char lat[9];
       ^
security_v2.c:103:6: warning: unused variable 'sw' [-Wunused-variable]
  int sw=1;
      ^
Info: Linking security_v2.elf
nios2-elf-g++  -T'../security_v2_bsp//linker.x' -msys-crt0='../security_v2_bsp//obj/HAL/src/crt0.o' -msys-lib=hal_bsp -L../security_v2_bsp/   -Wl,-Map=security_v2.map   -O0 -g -Wall   -mno-hw-div -mno-hw-mul -mno-hw-mulx -mgpopt=global  -o security_v2.elf obj/default/security_v2.o -lm -msys-lib=m
nios2-elf-insert security_v2.elf --thread_model hal --cpu_name NIOSII --qsys true --simulation_enabled false --id 0 --sidp 0x41140 --timestamp 1705384165 --stderr_dev JTAG --stdin_dev JTAG --stdout_dev JTAG --sopc_system_name nios_security --quartus_project_dir "C:/FPGAlite_Hardware/18.1/steel_control_experiment/secure_function_v2" --jdi ../..//output_files/security.jdi --sopcinfo C:/FPGAlite_Hardware/18.1/steel_control_experiment/secure_function_v2/software/security_v2_bsp/../../nios_security.sopcinfo
Info: (security_v2.elf) 86 KBytes program size (code + initialized data).
Info:                   34 KBytes free for stack + heap.
Info: Creating security_v2.objdump
nios2-elf-objdump --disassemble --syms --all-header --source security_v2.elf >security_v2.objdump
[security_v2 build complete]
13:55:02 **** Incremental Build of configuration Nios II for project security_v2_bsp ****
make all 
[BSP build complete]
13:55:03 **** Incremental Build of configuration Nios II for project security_v2 ****
make all 
Info: Building ../security_v2_bsp/
C:/intelFPGA_lite/18.1/nios2eds/bin/gnu/H-x86_64-mingw32/bin/make --no-print-directory -C ../security_v2_bsp/
[BSP build complete]
[security_v2 build complete]
13:55:57 **** Incremental Build of configuration Nios II for project security_v2 ****
make all 
Info: Building ../security_v2_bsp/
C:/intelFPGA_lite/18.1/nios2eds/bin/gnu/H-x86_64-mingw32/bin/make --no-print-directory -C ../security_v2_bsp/
[BSP build complete]
Info: Compiling security_v2.c to obj/default/security_v2.o
nios2-elf-gcc -xc -MP -MMD -c -I../security_v2_bsp//HAL/inc -I../security_v2_bsp/ -I../security_v2_bsp//drivers/inc  -pipe -D__hal__ -DALT_NO_INSTRUCTION_EMULATION -DALT_SINGLE_THREADED    -O0 -g -Wall   -mno-hw-div -mno-hw-mul -mno-hw-mulx -mgpopt=global  -o obj/default/security_v2.o security_v2.c
security_v2.c: In function 'main':
security_v2.c:106:2: warning: implicit declaration of function 'alt_irq_register' [-Wimplicit-function-declaration]
  alt_irq_register(UART_IRQ,0,uart_irq_handler);//割り込みハンドラの定義
  ^
security_v2.c:173:7: warning: variable 'lat' set but not used [-Wunused-but-set-variable]
  char lat[9];
       ^
security_v2.c:103:6: warning: unused variable 'sw' [-Wunused-variable]
  int sw=1;
      ^
Info: Linking security_v2.elf
nios2-elf-g++  -T'../security_v2_bsp//linker.x' -msys-crt0='../security_v2_bsp//obj/HAL/src/crt0.o' -msys-lib=hal_bsp -L../security_v2_bsp/   -Wl,-Map=security_v2.map   -O0 -g -Wall   -mno-hw-div -mno-hw-mul -mno-hw-mulx -mgpopt=global  -o security_v2.elf obj/default/security_v2.o -lm -msys-lib=m
nios2-elf-insert security_v2.elf --thread_model hal --cpu_name NIOSII --qsys true --simulation_enabled false --id 0 --sidp 0x41140 --timestamp 1705384165 --stderr_dev JTAG --stdin_dev JTAG --stdout_dev JTAG --sopc_system_name nios_security --quartus_project_dir "C:/FPGAlite_Hardware/18.1/steel_control_experiment/secure_function_v2" --jdi ../..//output_files/security.jdi --sopcinfo C:/FPGAlite_Hardware/18.1/steel_control_experiment/secure_function_v2/software/security_v2_bsp/../../nios_security.sopcinfo
Info: (security_v2.elf) 86 KBytes program size (code + initialized data).
Info:                   34 KBytes free for stack + heap.
Info: Creating security_v2.objdump
nios2-elf-objdump --disassemble --syms --all-header --source security_v2.elf >security_v2.objdump
[security_v2 build complete]
13:55:59 **** Incremental Build of configuration Nios II for project security_v2_bsp ****
make all 
[BSP build complete]
13:56:00 **** Incremental Build of configuration Nios II for project security_v2 ****
make all 
Info: Building ../security_v2_bsp/
C:/intelFPGA_lite/18.1/nios2eds/bin/gnu/H-x86_64-mingw32/bin/make --no-print-directory -C ../security_v2_bsp/
[BSP build complete]
[security_v2 build complete]
13:56:43 **** Incremental Build of configuration Nios II for project security_v2 ****
make all 
Info: Building ../security_v2_bsp/
C:/intelFPGA_lite/18.1/nios2eds/bin/gnu/H-x86_64-mingw32/bin/make --no-print-directory -C ../security_v2_bsp/
[BSP build complete]
Info: Compiling security_v2.c to obj/default/security_v2.o
nios2-elf-gcc -xc -MP -MMD -c -I../security_v2_bsp//HAL/inc -I../security_v2_bsp/ -I../security_v2_bsp//drivers/inc  -pipe -D__hal__ -DALT_NO_INSTRUCTION_EMULATION -DALT_SINGLE_THREADED    -O0 -g -Wall   -mno-hw-div -mno-hw-mul -mno-hw-mulx -mgpopt=global  -o obj/default/security_v2.o security_v2.c
security_v2.c: In function 'main':
security_v2.c:106:2: warning: implicit declaration of function 'alt_irq_register' [-Wimplicit-function-declaration]
  alt_irq_register(UART_IRQ,0,uart_irq_handler);//割り込みハンドラの定義
  ^
security_v2.c:173:7: warning: variable 'lat' set but not used [-Wunused-but-set-variable]
  char lat[9];
       ^
security_v2.c:103:6: warning: unused variable 'sw' [-Wunused-variable]
  int sw=1;
      ^
Info: Linking security_v2.elf
nios2-elf-g++  -T'../security_v2_bsp//linker.x' -msys-crt0='../security_v2_bsp//obj/HAL/src/crt0.o' -msys-lib=hal_bsp -L../security_v2_bsp/   -Wl,-Map=security_v2.map   -O0 -g -Wall   -mno-hw-div -mno-hw-mul -mno-hw-mulx -mgpopt=global  -o security_v2.elf obj/default/security_v2.o -lm -msys-lib=m
nios2-elf-insert security_v2.elf --thread_model hal --cpu_name NIOSII --qsys true --simulation_enabled false --id 0 --sidp 0x41140 --timestamp 1705384165 --stderr_dev JTAG --stdin_dev JTAG --stdout_dev JTAG --sopc_system_name nios_security --quartus_project_dir "C:/FPGAlite_Hardware/18.1/steel_control_experiment/secure_function_v2" --jdi ../..//output_files/security.jdi --sopcinfo C:/FPGAlite_Hardware/18.1/steel_control_experiment/secure_function_v2/software/security_v2_bsp/../../nios_security.sopcinfo
Info: (security_v2.elf) 86 KBytes program size (code + initialized data).
Info:                   34 KBytes free for stack + heap.
Info: Creating security_v2.objdump
nios2-elf-objdump --disassemble --syms --all-header --source security_v2.elf >security_v2.objdump
[security_v2 build complete]
13:56:45 **** Incremental Build of configuration Nios II for project security_v2_bsp ****
make all 
[BSP build complete]
13:56:48 **** Incremental Build of configuration Nios II for project security_v2 ****
make all 
Info: Building ../security_v2_bsp/
C:/intelFPGA_lite/18.1/nios2eds/bin/gnu/H-x86_64-mingw32/bin/make --no-print-directory -C ../security_v2_bsp/
[BSP build complete]
[security_v2 build complete]
13:58:01 **** Incremental Build of configuration Nios II for project security_v2 ****
make all 
Info: Building ../security_v2_bsp/
C:/intelFPGA_lite/18.1/nios2eds/bin/gnu/H-x86_64-mingw32/bin/make --no-print-directory -C ../security_v2_bsp/
[BSP build complete]
Info: Compiling security_v2.c to obj/default/security_v2.o
nios2-elf-gcc -xc -MP -MMD -c -I../security_v2_bsp//HAL/inc -I../security_v2_bsp/ -I../security_v2_bsp//drivers/inc  -pipe -D__hal__ -DALT_NO_INSTRUCTION_EMULATION -DALT_SINGLE_THREADED    -O0 -g -Wall   -mno-hw-div -mno-hw-mul -mno-hw-mulx -mgpopt=global  -o obj/default/security_v2.o security_v2.c
security_v2.c: In function 'main':
security_v2.c:106:2: warning: implicit declaration of function 'alt_irq_register' [-Wimplicit-function-declaration]
  alt_irq_register(UART_IRQ,0,uart_irq_handler);//割り込みハンドラの定義
  ^
security_v2.c:173:7: warning: variable 'lat' set but not used [-Wunused-but-set-variable]
  char lat[9];
       ^
security_v2.c:103:6: warning: unused variable 'sw' [-Wunused-variable]
  int sw=1;
      ^
Info: Linking security_v2.elf
nios2-elf-g++  -T'../security_v2_bsp//linker.x' -msys-crt0='../security_v2_bsp//obj/HAL/src/crt0.o' -msys-lib=hal_bsp -L../security_v2_bsp/   -Wl,-Map=security_v2.map   -O0 -g -Wall   -mno-hw-div -mno-hw-mul -mno-hw-mulx -mgpopt=global  -o security_v2.elf obj/default/security_v2.o -lm -msys-lib=m
nios2-elf-insert security_v2.elf --thread_model hal --cpu_name NIOSII --qsys true --simulation_enabled false --id 0 --sidp 0x41140 --timestamp 1705384165 --stderr_dev JTAG --stdin_dev JTAG --stdout_dev JTAG --sopc_system_name nios_security --quartus_project_dir "C:/FPGAlite_Hardware/18.1/steel_control_experiment/secure_function_v2" --jdi ../..//output_files/security.jdi --sopcinfo C:/FPGAlite_Hardware/18.1/steel_control_experiment/secure_function_v2/software/security_v2_bsp/../../nios_security.sopcinfo
Info: (security_v2.elf) 86 KBytes program size (code + initialized data).
Info:                   34 KBytes free for stack + heap.
Info: Creating security_v2.objdump
nios2-elf-objdump --disassemble --syms --all-header --source security_v2.elf >security_v2.objdump
[security_v2 build complete]
13:58:03 **** Incremental Build of configuration Nios II for project security_v2_bsp ****
make all 
[BSP build complete]
13:58:04 **** Incremental Build of configuration Nios II for project security_v2 ****
make all 
Info: Building ../security_v2_bsp/
C:/intelFPGA_lite/18.1/nios2eds/bin/gnu/H-x86_64-mingw32/bin/make --no-print-directory -C ../security_v2_bsp/
[BSP build complete]
[security_v2 build complete]
