14:32:05 **** Incremental Build of configuration Nios II for project security ****
make all 
Info: Building ../security_bsp/
C:/intelFPGA_lite/18.1/nios2eds/bin/gnu/H-x86_64-mingw32/bin/make --no-print-directory -C ../security_bsp/
[BSP build complete]
Info: Compiling security.c to obj/default/security.o
nios2-elf-gcc -xc -MP -MMD -c -I../security_bsp//HAL/inc -I../security_bsp/ -I../security_bsp//drivers/inc  -pipe -D__hal__ -DALT_NO_INSTRUCTION_EMULATION -DALT_SINGLE_THREADED    -O0 -g -Wall   -mno-hw-div -mno-hw-mul -mno-hw-mulx -mgpopt=global  -o obj/default/security.o security.c
security.c: In function 'main':
security.c:57:2: warning: implicit declaration of function 'alt_irq_register' [-Wimplicit-function-declaration]
  alt_irq_register(UART1_IRQ,0,uart_irq_handler);
  ^
Info: Linking security.elf
nios2-elf-g++  -T'../security_bsp//linker.x' -msys-crt0='../security_bsp//obj/HAL/src/crt0.o' -msys-lib=hal_bsp -L../security_bsp/   -Wl,-Map=security.map   -O0 -g -Wall   -mno-hw-div -mno-hw-mul -mno-hw-mulx -mgpopt=global  -o security.elf obj/default/security.o -lm -msys-lib=m
nios2-elf-insert security.elf --thread_model hal --cpu_name NIOSII --qsys true --simulation_enabled false --id 0 --sidp 0x41070 --timestamp 1697775362 --stderr_dev JTAG --stdin_dev JTAG --stdout_dev JTAG --sopc_system_name nios_security --quartus_project_dir "C:/FPGAlite_Hardware/18.1/Motor_stop_experiment/security" --jdi ../..//output_files/security.jdi --sopcinfo C:/FPGAlite_Hardware/18.1/Motor_stop_experiment/security/software/security_bsp/../../nios_security.sopcinfo
Info: (security.elf) 85 KBytes program size (code + initialized data).
Info:                35 KBytes free for stack + heap.
Info: Creating security.objdump
nios2-elf-objdump --disassemble --syms --all-header --source security.elf >security.objdump
[security build complete]
14:32:11 **** Incremental Build of configuration Nios II for project security ****
make all 
Info: Building ../security_bsp/
C:/intelFPGA_lite/18.1/nios2eds/bin/gnu/H-x86_64-mingw32/bin/make --no-print-directory -C ../security_bsp/
[BSP build complete]
[security build complete]
14:32:41 **** Incremental Build of configuration Nios II for project security ****
make all 
Info: Building ../security_bsp/
C:/intelFPGA_lite/18.1/nios2eds/bin/gnu/H-x86_64-mingw32/bin/make --no-print-directory -C ../security_bsp/
[BSP build complete]
[security build complete]
