13:07:04 **** Incremental Build of configuration Nios II for project sbus_read0 ****
make all 
Info: Building ../sbus_read0_bsp/
C:/intelFPGA_lite/18.1/nios2eds/bin/gnu/H-x86_64-mingw32/bin/make --no-print-directory -C ../sbus_read0_bsp/
[BSP build complete]
Info: Compiling sbus_read0.c to obj/default/sbus_read0.o
nios2-elf-gcc -xc -MP -MMD -c -I../sbus_read0_bsp//HAL/inc -I../sbus_read0_bsp/ -I../sbus_read0_bsp//drivers/inc  -pipe -D__hal__ -DALT_NO_INSTRUCTION_EMULATION -DALT_SINGLE_THREADED    -O0 -g -Wall   -mno-hw-div -mno-hw-mul -mno-hw-mulx -mgpopt=global  -o obj/default/sbus_read0.o sbus_read0.c
sbus_read0.c: In function 'main':
sbus_read0.c:142:2: warning: implicit declaration of function 'alt_irq_register' [-Wimplicit-function-declaration]
  alt_irq_register(UART1_IRQ,0,sbus_irq_handler);//Š„‚èž‚Ý‚Ì’è‹`
  ^
Info: Linking sbus_read0.elf
nios2-elf-g++  -T'../sbus_read0_bsp//linker.x' -msys-crt0='../sbus_read0_bsp//obj/HAL/src/crt0.o' -msys-lib=hal_bsp -L../sbus_read0_bsp/   -Wl,-Map=sbus_read0.map   -O0 -g -Wall   -mno-hw-div -mno-hw-mul -mno-hw-mulx -mgpopt=global  -o sbus_read0.elf obj/default/sbus_read0.o -lm -msys-lib=m
nios2-elf-insert sbus_read0.elf --thread_model hal --cpu_name NIOSII --qsys true --simulation_enabled false --id 0 --sidp 0x410b0 --timestamp 1696135015 --stderr_dev JTAG --stdin_dev JTAG --stdout_dev JTAG --sopc_system_name nios_security --quartus_project_dir "C:/FPGAlite_Hardware/18.1/sbus_communication" --jdi ../..//output_files/security.jdi --sopcinfo C:/FPGAlite_Hardware/18.1/sbus_communication/software/sbus_read0_bsp/../../nios_security.sopcinfo
Info: (sbus_read0.elf) 75 KBytes program size (code + initialized data).
Info:                  45 KBytes free for stack + heap.
Info: Creating sbus_read0.objdump
nios2-elf-objdump --disassemble --syms --all-header --source sbus_read0.elf >sbus_read0.objdump
[sbus_read0 build complete]
13:07:11 **** Build of configuration Nios II for project sbus_read0 ****
make all 
Info: Building ../sbus_read0_bsp/
C:/intelFPGA_lite/18.1/nios2eds/bin/gnu/H-x86_64-mingw32/bin/make --no-print-directory -C ../sbus_read0_bsp/
[BSP build complete]
[sbus_read0 build complete]
13:07:12 **** Incremental Build of configuration Nios II for project sbus_read0 ****
make all 
Info: Building ../sbus_read0_bsp/
C:/intelFPGA_lite/18.1/nios2eds/bin/gnu/H-x86_64-mingw32/bin/make --no-print-directory -C ../sbus_read0_bsp/
[BSP build complete]
[sbus_read0 build complete]
